<?xml version="1.0" encoding="UTF-8"?>
<testsuite name="com.scribe.caligrafia.audit.AuditV2ProbeTest" tests="10" skipped="0" failures="0" errors="0" timestamp="2026-09-13T01:52:22.706Z" hostname="DESTKTOPFAEL" time="1.329">
  <properties/>
  <testcase name="evolutionSummaryUsesOnlyTwentyAndCalendarInflatesZero" classname="com.scribe.caligrafia.audit.AuditV2ProbeTest" time="0.035"/>
  <testcase name="finalTimerTickIsLost" classname="com.scribe.caligrafia.audit.AuditV2ProbeTest" time="0.005"/>
  <testcase name="compilerDiscardsCorrectDescendingSlant" classname="com.scribe.caligrafia.audit.AuditV2ProbeTest" time="0.002"/>
  <testcase name="replayNormalizesAwaySpeedDifference" classname="com.scribe.caligrafia.audit.AuditV2ProbeTest" time="0.002"/>
  <testcase name="historyInstancesGoStaleAndCanOverwrite" classname="com.scribe.caligrafia.audit.AuditV2ProbeTest" time="0.008"/>
  <testcase name="syncAfterWriterUseHasClosedDescriptor" classname="com.scribe.caligrafia.audit.AuditV2ProbeTest" time="0.002"/>
  <testcase name="personalStyleIsRejectedEvenByItsOwnRegistry" classname="com.scribe.caligrafia.audit.AuditV2ProbeTest" time="0.003"/>
  <testcase name="defaultTimerNeverTicks" classname="com.scribe.caligrafia.audit.AuditV2ProbeTest" time="1.201"/>
  <testcase name="newUserAlreadyHasScoredEvolutionAndAlphabet" classname="com.scribe.caligrafia.audit.AuditV2ProbeTest" time="0.07"/>
  <testcase name="sameStraightLineFailsWithSparseSampling" classname="com.scribe.caligrafia.audit.AuditV2ProbeTest" time="0.001"/>
  <system-out><![CDATA[TOTALS learning=21 evolution=20; zeroSecondCalendar=1
FINAL_TIMER elapsed=299 finished=true
COMPILER actual52 returned=60.0
DUAL atHalf A_last=500 B_last=1000
HISTORY after two instances write=[b]
SYNC descriptorValid=false failure=true
STYLE requested=personal_style_v1 resolved=cursiva_escolar
DEFAULT_TIMER elapsed=0
SEEDS attempts=4, scores=[89, 66, 91, 63], completedGlyphs=4
SAMPLING full=100 sparseSameLine=38
]]></system-out>
  <system-err><![CDATA[]]></system-err>
</testsuite>
