<?xml version="1.0" encoding="UTF-8"?>
<testsuite name="com.scribe.caligrafia.ink.capture.StrokeEraserTest" tests="5" skipped="0" failures="0" errors="0" timestamp="2026-09-13T18:10:36.495Z" hostname="DESTKTOPFAEL" time="0.0">
  <properties/>
  <testcase name="testStrokeEraserHelperIgnoresDistantStroke" classname="com.scribe.caligrafia.ink.capture.StrokeEraserTest" time="0.0"/>
  <testcase name="testMultiStrokeSweepErasesAllIntersected" classname="com.scribe.caligrafia.ink.capture.StrokeEraserTest" time="0.0"/>
  <testcase name="testStrokeEraserHelperIntersectsLineSegment" classname="com.scribe.caligrafia.ink.capture.StrokeEraserTest" time="0.0"/>
  <testcase name="testRepositoryEraseAndUndo" classname="com.scribe.caligrafia.ink.capture.StrokeEraserTest" time="0.0"/>
  <testcase name="testSinglePointDotErasure" classname="com.scribe.caligrafia.ink.capture.StrokeEraserTest" time="0.0"/>
  <system-out><![CDATA[]]></system-out>
  <system-err><![CDATA[]]></system-err>
</testsuite>
