<?xml version="1.0" encoding="UTF-8"?>
<testsuite name="com.scribe.caligrafia.style.importer.StyleFontImporterTest" tests="2" skipped="0" failures="0" errors="0" timestamp="2026-09-13T18:10:36.726Z" hostname="DESTKTOPFAEL" time="0.007">
  <properties/>
  <testcase name="isValidFontFile_detectsTrueTypeAndOpenTypeMagicBytes" classname="com.scribe.caligrafia.style.importer.StyleFontImporterTest" time="0.004"/>
  <testcase name="importFont_createsValidCustomStyle_and_rejectsCorruptFiles" classname="com.scribe.caligrafia.style.importer.StyleFontImporterTest" time="0.002"/>
  <system-out><![CDATA[]]></system-out>
  <system-err><![CDATA[]]></system-err>
</testsuite>
