<?xml version="1.0" encoding="UTF-8"?>
<testsuite name="com.scribe.caligrafia.teacher.engine.MotorDiagnosticEngineTest" tests="5" skipped="0" failures="0" errors="0" timestamp="2026-09-13T18:10:36.741Z" hostname="DESTKTOPFAEL" time="0.002">
  <properties/>
  <testcase name="evaluatePressureControl rewards clear downstroke contrast" classname="com.scribe.caligrafia.teacher.engine.MotorDiagnosticEngineTest" time="0.0"/>
  <testcase name="evaluateSlantStability gives high score for consistent 52 degree strokes" classname="com.scribe.caligrafia.teacher.engine.MotorDiagnosticEngineTest" time="0.001"/>
  <testcase name="evaluateRhythmAndCadence penalizes hesitations and stalls" classname="com.scribe.caligrafia.teacher.engine.MotorDiagnosticEngineTest" time="0.0"/>
  <testcase name="diagnoseAttempts with empty list returns valid fallback diagnostic" classname="com.scribe.caligrafia.teacher.engine.MotorDiagnosticEngineTest" time="0.0"/>
  <testcase name="diagnoseAttempts identifies primary weakness and strength correctly" classname="com.scribe.caligrafia.teacher.engine.MotorDiagnosticEngineTest" time="0.001"/>
  <system-out><![CDATA[]]></system-out>
  <system-err><![CDATA[]]></system-err>
</testsuite>
