<?xml version="1.0" encoding="UTF-8"?>
<testsuite name="com.scribe.caligrafia.expansions.passage.PassageCatalogTest" tests="4" skipped="0" failures="0" errors="0" timestamp="2026-09-13T18:10:36.459Z" hostname="DESTKTOPFAEL" time="0.002">
  <properties/>
  <testcase name="passageItem_countsWordsAccurately" classname="com.scribe.caligrafia.expansions.passage.PassageCatalogTest" time="0.001"/>
  <testcase name="passagePacingEngine_excessiveSpeed_penalizesScore" classname="com.scribe.caligrafia.expansions.passage.PassageCatalogTest" time="0.001"/>
  <testcase name="passageCatalog_containsAllExpectedCategories" classname="com.scribe.caligrafia.expansions.passage.PassageCatalogTest" time="0.0"/>
  <testcase name="passagePacingEngine_optimalCadence_yieldsHighScore" classname="com.scribe.caligrafia.expansions.passage.PassageCatalogTest" time="0.0"/>
  <system-out><![CDATA[]]></system-out>
  <system-err><![CDATA[]]></system-err>
</testsuite>
