<?xml version="1.0" encoding="UTF-8"?>
<testsuite name="com.scribe.caligrafia.teacher.engine.CoachingFeedbackEngineTest" tests="3" skipped="0" failures="0" errors="0" timestamp="2026-09-13T18:10:36.738Z" hostname="DESTKTOPFAEL" time="0.001">
  <properties/>
  <testcase name="insights contain non-blank titles, messages and actionable guidance" classname="com.scribe.caligrafia.teacher.engine.CoachingFeedbackEngineTest" time="0.001"/>
  <testcase name="generateInsights outputs all pedagogical insight categories" classname="com.scribe.caligrafia.teacher.engine.CoachingFeedbackEngineTest" time="0.0"/>
  <testcase name="ergonomic tip is tailored to pressure control weakness" classname="com.scribe.caligrafia.teacher.engine.CoachingFeedbackEngineTest" time="0.0"/>
  <system-out><![CDATA[]]></system-out>
  <system-err><![CDATA[]]></system-err>
</testsuite>
