<?xml version="1.0" encoding="UTF-8"?>
<testsuite name="com.scribe.caligrafia.learning.review.ReviewSchedulerTest" tests="5" skipped="0" failures="0" errors="0" timestamp="2026-09-13T18:10:36.610Z" hostname="DESTKTOPFAEL" time="0.003">
  <properties/>
  <testcase name="updateRepetition_scoreBetween60And79_expandsIntervalByOneAndHalf" classname="com.scribe.caligrafia.learning.review.ReviewSchedulerTest" time="0.0"/>
  <testcase name="getDailyRecommendation_withNoHistory_returnsFirstLesson" classname="com.scribe.caligrafia.learning.review.ReviewSchedulerTest" time="0.002"/>
  <testcase name="getDailyRecommendation_prioritizesDueReviewItemWithLowestScore" classname="com.scribe.caligrafia.learning.review.ReviewSchedulerTest" time="0.0"/>
  <testcase name="updateRepetition_score80AndAbove_expandsIntervalByTwoPointTwo" classname="com.scribe.caligrafia.learning.review.ReviewSchedulerTest" time="0.0"/>
  <testcase name="updateRepetition_scoreBelow60_resetsIntervalToOneDay" classname="com.scribe.caligrafia.learning.review.ReviewSchedulerTest" time="0.0"/>
  <system-out><![CDATA[]]></system-out>
  <system-err><![CDATA[]]></system-err>
</testsuite>
