<?xml version="1.0" encoding="UTF-8"?>
<testsuite name="com.scribe.caligrafia.expansions.signature.SignatureExporterTest" tests="2" skipped="0" failures="0" errors="0" timestamp="2026-09-13T18:10:36.464Z" hostname="DESTKTOPFAEL" time="0.001">
  <properties/>
  <testcase name="exportToSvg_emptyStrokes_producesValidContainer" classname="com.scribe.caligrafia.expansions.signature.SignatureExporterTest" time="0.0"/>
  <testcase name="exportToSvg_generatesValidSvgContainerAndPaths" classname="com.scribe.caligrafia.expansions.signature.SignatureExporterTest" time="0.0"/>
  <system-out><![CDATA[]]></system-out>
  <system-err><![CDATA[]]></system-err>
</testsuite>
