<?xml version="1.0" encoding="UTF-8"?>
<testsuite name="com.scribe.caligrafia.guided.ui.GuidedPracticeViewModelTest" tests="4" skipped="0" failures="0" errors="0" timestamp="2026-09-13T12:33:47.541Z" hostname="DESTKTOPFAEL" time="0.012">
  <properties/>
  <testcase name="testAdvanceProgressTransitionsThroughStages" classname="com.scribe.caligrafia.guided.ui.GuidedPracticeViewModelTest" time="0.002"/>
  <testcase name="testSelectStageUpdatesDefaultGhostLevel" classname="com.scribe.caligrafia.guided.ui.GuidedPracticeViewModelTest" time="0.003"/>
  <testcase name="testSelectGlyphResetsEvaluation" classname="com.scribe.caligrafia.guided.ui.GuidedPracticeViewModelTest" time="0.004"/>
  <testcase name="testViewModelConstructor" classname="com.scribe.caligrafia.guided.ui.GuidedPracticeViewModelTest" time="0.003"/>
  <system-out><![CDATA[]]></system-out>
  <system-err><![CDATA[]]></system-err>
</testsuite>
