<?xml version="1.0" encoding="UTF-8"?>
<testsuite name="com.scribe.caligrafia.guided.catalog.ReferenceGlyphCatalogTest" tests="4" skipped="0" failures="0" errors="0" timestamp="2026-09-13T12:33:47.537Z" hostname="DESTKTOPFAEL" time="0.001">
  <properties/>
  <testcase name="testPracticeStageTransitions" classname="com.scribe.caligrafia.guided.catalog.ReferenceGlyphCatalogTest" time="0.0"/>
  <testcase name="testAllGlyphsHaveValidStrokesAndPoints" classname="com.scribe.caligrafia.guided.catalog.ReferenceGlyphCatalogTest" time="0.0"/>
  <testcase name="testFindByIdReturnsCorrectGlyph" classname="com.scribe.caligrafia.guided.catalog.ReferenceGlyphCatalogTest" time="0.001"/>
  <testcase name="testGhostModeTransitions" classname="com.scribe.caligrafia.guided.catalog.ReferenceGlyphCatalogTest" time="0.0"/>
  <system-out><![CDATA[]]></system-out>
  <system-err><![CDATA[]]></system-err>
</testsuite>
