<?xml version="1.0" encoding="UTF-8"?>
<testsuite name="com.scribe.caligrafia.expansions.signature.SignatureConsistencyEngineTest" tests="4" skipped="0" failures="0" errors="0" timestamp="2026-09-13T12:33:47.528Z" hostname="DESTKTOPFAEL" time="0.001">
  <properties/>
  <testcase name="computeMetrics_validStrokes_computesAccurateMeasurements" classname="com.scribe.caligrafia.expansions.signature.SignatureConsistencyEngineTest" time="0.0"/>
  <testcase name="evaluateConsistency_divergentStrokesAndSpeed_penalizesScore" classname="com.scribe.caligrafia.expansions.signature.SignatureConsistencyEngineTest" time="0.001"/>
  <testcase name="computeMetrics_emptyStrokes_returnsSafeDefaults" classname="com.scribe.caligrafia.expansions.signature.SignatureConsistencyEngineTest" time="0.0"/>
  <testcase name="evaluateConsistency_identicalSignatures_yieldsNearPerfectScore" classname="com.scribe.caligrafia.expansions.signature.SignatureConsistencyEngineTest" time="0.0"/>
  <system-out><![CDATA[]]></system-out>
  <system-err><![CDATA[]]></system-err>
</testsuite>
