<?xml version="1.0" encoding="UTF-8"?>
<testsuite name="com.scribe.caligrafia.learning.history.LearningHistorySerializerTest" tests="1" skipped="0" failures="0" errors="0" timestamp="2026-09-13T12:33:47.665Z" hostname="DESTKTOPFAEL" time="0.001">
  <properties/>
  <testcase name="serializeAndDeserialize_maintainsExactFidelity" classname="com.scribe.caligrafia.learning.history.LearningHistorySerializerTest" time="0.001"/>
  <system-out><![CDATA[]]></system-out>
  <system-err><![CDATA[]]></system-err>
</testsuite>
