<?xml version="1.0" encoding="UTF-8"?>
<testsuite name="com.scribe.caligrafia.ink.persistence.PersistenceSpikeTest" tests="4" skipped="0" failures="0" errors="0" timestamp="2026-09-13T01:49:49.428Z" hostname="DESTKTOPFAEL" time="0.098">
  <properties/>
  <testcase name="testBenchmarkSuiteExecution" classname="com.scribe.caligrafia.ink.persistence.PersistenceSpikeTest" time="0.074"/>
  <testcase name="testRelationalTableRoundTripFidelity" classname="com.scribe.caligrafia.ink.persistence.PersistenceSpikeTest" time="0.008"/>
  <testcase name="testDedicatedFileRoundTripFidelity" classname="com.scribe.caligrafia.ink.persistence.PersistenceSpikeTest" time="0.01"/>
  <testcase name="testCompressedBlobRoundTripFidelity" classname="com.scribe.caligrafia.ink.persistence.PersistenceSpikeTest" time="0.006"/>
  <system-out><![CDATA[### Relatório do Spike de Persistência (SCR-006)
- Carga de teste: 20 traços, 800 pontos vetoriais.

| Estratégia | Gravação (ms) | Leitura (ms) | Tamanho Total | Bytes/Ponto | Fidelidade 100% |
| :--- | :---: | :---: | :---: | :---: | :---: |
| Tabela Relacional (Ponto-a-Ponto) | 14,38 ms | 23,39 ms | 47,73 KB | 61,1 B | EXATA |
| Blob Binário Compactado (Room/BLOB) | 6,65 ms | 4,66 ms | 14,46 KB | 18,5 B | EXATA |
| Arquivo Binário Dedicado (.scribe) | 5,75 ms | 1,95 ms | 5,73 KB | 7,3 B | EXATA |

]]></system-out>
  <system-err><![CDATA[]]></system-err>
</testsuite>
