<?xml version="1.0" encoding="UTF-8"?>
<testsuite name="com.scribe.caligrafia.guided.evaluator.GeometricFeedbackEvaluatorTest" tests="4" skipped="0" failures="0" errors="0" timestamp="2026-09-13T01:49:49.360Z" hostname="DESTKTOPFAEL" time="0.002">
  <properties/>
  <testcase name="testEmptyStrokesReturnsZeroScore" classname="com.scribe.caligrafia.guided.evaluator.GeometricFeedbackEvaluatorTest" time="0.001"/>
  <testcase name="testWrongDirectionDetected" classname="com.scribe.caligrafia.guided.evaluator.GeometricFeedbackEvaluatorTest" time="0.0"/>
  <testcase name="testOvershootPenalizesGuidelines" classname="com.scribe.caligrafia.guided.evaluator.GeometricFeedbackEvaluatorTest" time="0.001"/>
  <testcase name="testPerfectStrokeEvaluationScoresHigh" classname="com.scribe.caligrafia.guided.evaluator.GeometricFeedbackEvaluatorTest" time="0.0"/>
  <system-out><![CDATA[]]></system-out>
  <system-err><![CDATA[]]></system-err>
</testsuite>
