<?xml version="1.0" encoding="UTF-8"?>
<testsuite name="com.scribe.caligrafia.viewmodel.ViewModelInstantiationTest" tests="8" skipped="0" failures="0" errors="0" timestamp="2026-09-13T01:49:49.841Z" hostname="DESTKTOPFAEL" time="0.006">
  <properties/>
  <testcase name="verifyNotebookPracticeViewModelHasSingleApplicationConstructor" classname="com.scribe.caligrafia.viewmodel.ViewModelInstantiationTest" time="0.001"/>
  <testcase name="verifyGuidedPracticeViewModelHasSingleApplicationConstructor" classname="com.scribe.caligrafia.viewmodel.ViewModelInstantiationTest" time="0.0"/>
  <testcase name="verifyTeacherViewModelHasSingleApplicationConstructor" classname="com.scribe.caligrafia.viewmodel.ViewModelInstantiationTest" time="0.0"/>
  <testcase name="verifyStylusLabViewModelHasSingleApplicationConstructor" classname="com.scribe.caligrafia.viewmodel.ViewModelInstantiationTest" time="0.001"/>
  <testcase name="verifyLearningViewModelHasSingleApplicationConstructor" classname="com.scribe.caligrafia.viewmodel.ViewModelInstantiationTest" time="0.001"/>
  <testcase name="verifyExpansionsViewModelHasSingleApplicationConstructor" classname="com.scribe.caligrafia.viewmodel.ViewModelInstantiationTest" time="0.001"/>
  <testcase name="verifyAlphabetViewModelHasSingleApplicationConstructor" classname="com.scribe.caligrafia.viewmodel.ViewModelInstantiationTest" time="0.001"/>
  <testcase name="verifyEvolutionViewModelHasSingleApplicationConstructor" classname="com.scribe.caligrafia.viewmodel.ViewModelInstantiationTest" time="0.001"/>
  <system-out><![CDATA[]]></system-out>
  <system-err><![CDATA[]]></system-err>
</testsuite>
