<?xml version="1.0" encoding="UTF-8"?>
<testsuite name="com.scribe.caligrafia.evolution.engine.CalendarConsistencyHelperTest" tests="2" skipped="0" failures="0" errors="0" timestamp="2026-09-13T01:49:49.114Z" hostname="DESTKTOPFAEL" time="0.003">
  <properties/>
  <testcase name="computeSummary_calculatesTotalsWithoutPunitiveStreaks" classname="com.scribe.caligrafia.evolution.engine.CalendarConsistencyHelperTest" time="0.002"/>
  <testcase name="buildMonthDays_aggregatesMinutesCorrectly" classname="com.scribe.caligrafia.evolution.engine.CalendarConsistencyHelperTest" time="0.001"/>
  <system-out><![CDATA[]]></system-out>
  <system-err><![CDATA[]]></system-err>
</testsuite>
