<?xml version="1.0" encoding="UTF-8"?>
<testsuite name="com.scribe.caligrafia.expansions.watch.WatchCompanionAdapterTest" tests="3" skipped="0" failures="0" errors="0" timestamp="2026-09-13T01:49:49.351Z" hostname="DESTKTOPFAEL" time="0.002">
  <properties/>
  <testcase name="bridge_triggersPhaseChangeAndTimerSync" classname="com.scribe.caligrafia.expansions.watch.WatchCompanionAdapterTest" time="0.002"/>
  <testcase name="bridge_disablesAlertsWhenPostureReminderIsTurnedOff" classname="com.scribe.caligrafia.expansions.watch.WatchCompanionAdapterTest" time="0.0"/>
  <testcase name="bridge_tracksPostureAlertsBasedOnThreshold" classname="com.scribe.caligrafia.expansions.watch.WatchCompanionAdapterTest" time="0.0"/>
  <system-out><![CDATA[]]></system-out>
  <system-err><![CDATA[]]></system-err>
</testsuite>
