<?xml version="1.0" encoding="UTF-8"?>
<testsuite name="com.scribe.caligrafia.teacher.repository.TeacherSerializerTest" tests="3" skipped="0" failures="0" errors="0" timestamp="2026-09-13T01:49:49.838Z" hostname="DESTKTOPFAEL" time="0.002">
  <properties/>
  <testcase name="serialize and deserialize diagnostic roundtrip" classname="com.scribe.caligrafia.teacher.repository.TeacherSerializerTest" time="0.001"/>
  <testcase name="serialize and deserialize prescription roundtrip" classname="com.scribe.caligrafia.teacher.repository.TeacherSerializerTest" time="0.0"/>
  <testcase name="serialize and deserialize insights roundtrip" classname="com.scribe.caligrafia.teacher.repository.TeacherSerializerTest" time="0.001"/>
  <system-out><![CDATA[]]></system-out>
  <system-err><![CDATA[]]></system-err>
</testsuite>
