<?xml version="1.0" encoding="UTF-8"?>
<testsuite name="com.scribe.caligrafia.expansions.styles.ExpandedStylesTest" tests="2" skipped="0" failures="0" errors="0" timestamp="2026-09-13T01:49:49.344Z" hostname="DESTKTOPFAEL" time="0.002">
  <properties/>
  <testcase name="expandedStyles_allHaveValidProperties" classname="com.scribe.caligrafia.expansions.styles.ExpandedStylesTest" time="0.001"/>
  <testcase name="styleEngine_resolvesExpandedStyles" classname="com.scribe.caligrafia.expansions.styles.ExpandedStylesTest" time="0.001"/>
  <system-out><![CDATA[]]></system-out>
  <system-err><![CDATA[]]></system-err>
</testsuite>
