<?xml version="1.0" encoding="UTF-8"?>
<testsuite name="com.scribe.caligrafia.style.importer.StyleFontImporterTest" tests="2" skipped="0" failures="0" errors="0" timestamp="2026-09-13T01:49:49.727Z" hostname="DESTKTOPFAEL" time="0.012">
  <properties/>
  <testcase name="isValidFontFile_detectsTrueTypeAndOpenTypeMagicBytes" classname="com.scribe.caligrafia.style.importer.StyleFontImporterTest" time="0.006"/>
  <testcase name="importFont_createsValidCustomStyle_and_rejectsCorruptFiles" classname="com.scribe.caligrafia.style.importer.StyleFontImporterTest" time="0.005"/>
  <system-out><![CDATA[]]></system-out>
  <system-err><![CDATA[]]></system-err>
</testsuite>
