<?xml version="1.0" encoding="UTF-8"?>
<testsuite name="com.scribe.caligrafia.audit.AuditV5IndependentTest" tests="6" skipped="0" failures="0" errors="0" timestamp="2026-09-13T17:07:57.156Z" hostname="DESTKTOPFAEL" time="0.027">
  <properties/>
  <testcase name="sameSizeSameMtimeAttemptReplacementReloads" classname="com.scribe.caligrafia.audit.AuditV5IndependentTest" time="0.011"/>
  <testcase name="malformedManifestCannotOverwrite" classname="com.scribe.caligrafia.audit.AuditV5IndependentTest" time="0.008"/>
  <testcase name="reversedClosedPathCannotClaimIdenticalMuscularDynamics" classname="com.scribe.caligrafia.audit.AuditV5IndependentTest" time="0.0"/>
  <testcase name="historyReplacementDoesNotRetainOldVersion" classname="com.scribe.caligrafia.audit.AuditV5IndependentTest" time="0.005"/>
  <testcase name="backupIncludesPersistedSignature" classname="com.scribe.caligrafia.audit.AuditV5IndependentTest" time="0.003"/>
  <testcase name="malformedJsonGrammarRejected" classname="com.scribe.caligrafia.audit.AuditV5IndependentTest" time="0.0"/>
  <system-out><![CDATA[]]></system-out>
  <system-err><![CDATA[]]></system-err>
</testsuite>
