<?xml version="1.0" encoding="UTF-8"?>
<testsuite name="com.scribe.caligrafia.alphabet.repository.LocalPersonalAlphabetRepositoryTest" tests="5" skipped="0" failures="0" errors="0" timestamp="2026-09-13T16:40:32.668Z" hostname="DESTKTOPFAEL" time="0.151">
  <properties/>
  <testcase name="deleteVariant_removesVariantAndCleansUpFile" classname="com.scribe.caligrafia.alphabet.repository.LocalPersonalAlphabetRepositoryTest" time="0.086"/>
  <testcase name="initialization_loadsCanonicalGlyphsWithoutSyntheticVariants" classname="com.scribe.caligrafia.alphabet.repository.LocalPersonalAlphabetRepositoryTest" time="0.01"/>
  <testcase name="compileAndSavePersonalStyle_registersAndUpdatesManifest" classname="com.scribe.caligrafia.alphabet.repository.LocalPersonalAlphabetRepositoryTest" time="0.017"/>
  <testcase name="setFavoriteVariant_updatesActiveVariant" classname="com.scribe.caligrafia.alphabet.repository.LocalPersonalAlphabetRepositoryTest" time="0.023"/>
  <testcase name="addVariant_persistsStrokesAndUpdatesGlyph" classname="com.scribe.caligrafia.alphabet.repository.LocalPersonalAlphabetRepositoryTest" time="0.014"/>
  <system-out><![CDATA[]]></system-out>
  <system-err><![CDATA[]]></system-err>
</testsuite>
