<?xml version="1.0" encoding="UTF-8"?>
<testsuite name="com.scribe.caligrafia.inspector.DeviceCapabilityInspectorTest" tests="3" skipped="0" failures="0" errors="0" timestamp="2026-09-13T16:40:35.172Z" hostname="DESTKTOPFAEL" time="0.002">
  <properties/>
  <testcase name="testDeviceCapabilitiesWithStylusHardware" classname="com.scribe.caligrafia.inspector.DeviceCapabilityInspectorTest" time="0.002"/>
  <testcase name="testDeviceCapabilitiesStylusDetection" classname="com.scribe.caligrafia.inspector.DeviceCapabilityInspectorTest" time="0.0"/>
  <testcase name="testToolTypeMappingFromMotionEvent" classname="com.scribe.caligrafia.inspector.DeviceCapabilityInspectorTest" time="0.0"/>
  <system-out><![CDATA[]]></system-out>
  <system-err><![CDATA[]]></system-err>
</testsuite>
