<?xml version="1.0" encoding="UTF-8"?>
<testsuite name="com.scribe.caligrafia.evolution.engine.DualReplayEngineTest" tests="4" skipped="0" failures="0" errors="0" timestamp="2026-09-13T16:40:34.893Z" hostname="DESTKTOPFAEL" time="0.0">
  <properties/>
  <testcase name="computeDualFrameAt_zeroProgress_returnsEmptyStrokes" classname="com.scribe.caligrafia.evolution.engine.DualReplayEngineTest" time="0.0"/>
  <testcase name="computeDualFrameAt_fullProgress_returnsCompleteStrokesForBothTracks" classname="com.scribe.caligrafia.evolution.engine.DualReplayEngineTest" time="0.0"/>
  <testcase name="computeDualFrameAt_halfProgress_returnsPartialStrokes" classname="com.scribe.caligrafia.evolution.engine.DualReplayEngineTest" time="0.0"/>
  <testcase name="setSpeed_updatesFrameSpeed" classname="com.scribe.caligrafia.evolution.engine.DualReplayEngineTest" time="0.0"/>
  <system-out><![CDATA[]]></system-out>
  <system-err><![CDATA[]]></system-err>
</testsuite>
